<?xml version="1.0" encoding="UTF-8"?>
<!-- Generated by org.testng.reporters.JUnitReportReporter -->
<testsuite skipped="0" hostname="TYSS-Manjappa" name="Program.DimondShapePatern" tests="1" failures="0" timestamp="23 May 2023 10:30:38 GMT" time="2.545" errors="0">
  <testcase name="demo" time="2.545" classname="Program.DimondShapePatern"/>
</testsuite> <!-- Program.DimondShapePatern -->
